17/02/2019 19:59:55 [INFO /main]: AbstractTestContextBootstrapper(308): Neither @ContextConfiguration nor @ContextHierarchy found for test class [edu.netcracker.backend.BackendApplicationTest], using SpringBootContextLoader
17/02/2019 19:59:55 [INFO /main]: AbstractContextLoader(264): Could not detect default resource locations for test class [edu.netcracker.backend.BackendApplicationTest]: no resource found for suffixes {-context.xml, Context.groovy}.
17/02/2019 19:59:55 [INFO /main]: AnnotationConfigContextLoaderUtils(83): Could not detect default configuration classes for test class [edu.netcracker.backend.BackendApplicationTest]: BackendApplicationTest does not declare any static, non-private, non-final, nested classes annotated with @Configuration.
17/02/2019 19:59:56 [INFO /main]: SpringBootTestContextBootstrapper(247): Found @SpringBootConfiguration edu.netcracker.backend.BackendApplication for test class edu.netcracker.backend.BackendApplicationTest
17/02/2019 19:59:56 [INFO /main]: AbstractTestContextBootstrapper(248): Loaded default TestExecutionListener class names from location [META-INF/spring.factories]: [org.springframework.security.test.context.support.WithSecurityContextTestExecutionListener, org.springframework.security.test.context.support.ReactorContextTestExecutionListener, org.springframework.test.context.web.ServletTestExecutionListener, org.springframework.test.context.support.DirtiesContextBeforeModesTestExecutionListener, org.springframework.test.context.support.DependencyInjectionTestExecutionListener, org.springframework.test.context.support.DirtiesContextTestExecutionListener, org.springframework.test.context.transaction.TransactionalTestExecutionListener, org.springframework.test.context.jdbc.SqlScriptsTestExecutionListener, org.springframework.boot.test.mock.mockito.MockitoTestExecutionListener, org.springframework.boot.test.mock.mockito.ResetMocksTestExecutionListener, org.springframework.boot.test.autoconfigure.restdocs.RestDocsTestExecutionListener, org.springframework.boot.test.autoconfigure.web.client.MockRestServiceServerResetTestExecutionListener, org.springframework.boot.test.autoconfigure.web.servlet.MockMvcPrintOnlyOnFailureTestExecutionListener, org.springframework.boot.test.autoconfigure.web.servlet.WebDriverTestExecutionListener]
17/02/2019 19:59:56 [INFO /main]: AbstractTestContextBootstrapper(177): Using TestExecutionListeners: [org.springframework.test.context.web.ServletTestExecutionListener@591ba330, org.springframework.test.context.support.DirtiesContextBeforeModesTestExecutionListener@14b4ce6f, org.springframework.boot.test.mock.mockito.MockitoTestExecutionListener@7c5c2b17, org.springframework.boot.test.autoconfigure.SpringBootDependencyInjectionTestExecutionListener@18bf1bad, org.springframework.test.context.support.DirtiesContextTestExecutionListener@1cb929a9, org.springframework.test.context.transaction.TransactionalTestExecutionListener@2ecc4be7, org.springframework.test.context.jdbc.SqlScriptsTestExecutionListener@3355d9ba, org.springframework.security.test.context.support.WithSecurityContextTestExecutionListener@5357de0e, org.springframework.security.test.context.support.ReactorContextTestExecutionListener@6f651ac, org.springframework.boot.test.mock.mockito.ResetMocksTestExecutionListener@4a29a1e6, org.springframework.boot.test.autoconfigure.restdocs.RestDocsTestExecutionListener@57ac2910, org.springframework.boot.test.autoconfigure.web.client.MockRestServiceServerResetTestExecutionListener@3a663a45, org.springframework.boot.test.autoconfigure.web.servlet.MockMvcPrintOnlyOnFailureTestExecutionListener@e296794, org.springframework.boot.test.autoconfigure.web.servlet.WebDriverTestExecutionListener@988c126]
17/02/2019 19:59:58 [INFO /main]: StartupInfoLogger(50): Starting BackendApplicationTest on SOTLP with PID 3200 (started by sottiletta in C:\netcracker-project\startreker-netcracker\backend)
17/02/2019 19:59:58 [INFO /main]: SpringApplication(679): The following profiles are active: test
17/02/2019 20:00:01 [INFO /main]: TestDatabaseAutoConfiguration$EmbeddedDataSourceBeanFactoryPostProcessor(106): Replacing 'dataSource' DataSource bean with embedded version
17/02/2019 20:00:05 [INFO /main]: EmbeddedDatabaseFactory(189): Starting embedded database: url='jdbc:h2:mem:5d03ffb5-112b-4edf-a55f-9f13c9b46761;DB_CLOSE_DELAY=-1;DB_CLOSE_ON_EXIT=false', username='sa'
17/02/2019 20:00:09 [INFO /main]: DefaultSecurityFilterChain(43): Creating filter chain: any request, [org.springframework.security.web.context.request.async.WebAsyncManagerIntegrationFilter@438aa2d2, org.springframework.security.web.context.SecurityContextPersistenceFilter@4e1c2a55, org.springframework.security.web.header.HeaderWriterFilter@25cf63c6, org.springframework.security.web.authentication.logout.LogoutFilter@b4eef21, edu.netcracker.backend.security.jwt.JwtAuthFilter@12306cc, org.springframework.security.web.savedrequest.RequestCacheAwareFilter@6a50ca2, org.springframework.security.web.servletapi.SecurityContextHolderAwareRequestFilter@1218679a, org.springframework.security.web.authentication.AnonymousAuthenticationFilter@7f2f9122, org.springframework.security.web.session.SessionManagementFilter@33b4bbae, org.springframework.security.web.access.ExceptionTranslationFilter@788c607c, org.springframework.security.web.access.intercept.FilterSecurityInterceptor@4e1cf13c]
17/02/2019 20:00:12 [INFO /main]: WelcomePageHandlerMapping(56): Adding welcome page: class path resource [resources/index.html]
17/02/2019 20:00:12 [INFO /main]: StartupInfoLogger(59): Started BackendApplicationTest in 15.977 seconds (JVM running for 20.34)
17/02/2019 20:00:13 [INFO /main]: AbstractTestContextBootstrapper(308): Neither @ContextConfiguration nor @ContextHierarchy found for test class [edu.netcracker.backend.controller.ServiceControllerTest], using SpringBootContextLoader
17/02/2019 20:00:13 [INFO /main]: AbstractContextLoader(264): Could not detect default resource locations for test class [edu.netcracker.backend.controller.ServiceControllerTest]: no resource found for suffixes {-context.xml, Context.groovy}.
17/02/2019 20:00:13 [INFO /main]: AnnotationConfigContextLoaderUtils(83): Could not detect default configuration classes for test class [edu.netcracker.backend.controller.ServiceControllerTest]: ServiceControllerTest does not declare any static, non-private, non-final, nested classes annotated with @Configuration.
17/02/2019 20:00:13 [INFO /main]: SpringBootTestContextBootstrapper(247): Found @SpringBootConfiguration edu.netcracker.backend.BackendApplication for test class edu.netcracker.backend.controller.ServiceControllerTest
17/02/2019 20:00:13 [INFO /main]: AbstractTestContextBootstrapper(248): Loaded default TestExecutionListener class names from location [META-INF/spring.factories]: [org.springframework.security.test.context.support.WithSecurityContextTestExecutionListener, org.springframework.security.test.context.support.ReactorContextTestExecutionListener, org.springframework.test.context.web.ServletTestExecutionListener, org.springframework.test.context.support.DirtiesContextBeforeModesTestExecutionListener, org.springframework.test.context.support.DependencyInjectionTestExecutionListener, org.springframework.test.context.support.DirtiesContextTestExecutionListener, org.springframework.test.context.transaction.TransactionalTestExecutionListener, org.springframework.test.context.jdbc.SqlScriptsTestExecutionListener, org.springframework.boot.test.mock.mockito.MockitoTestExecutionListener, org.springframework.boot.test.mock.mockito.ResetMocksTestExecutionListener, org.springframework.boot.test.autoconfigure.restdocs.RestDocsTestExecutionListener, org.springframework.boot.test.autoconfigure.web.client.MockRestServiceServerResetTestExecutionListener, org.springframework.boot.test.autoconfigure.web.servlet.MockMvcPrintOnlyOnFailureTestExecutionListener, org.springframework.boot.test.autoconfigure.web.servlet.WebDriverTestExecutionListener]
17/02/2019 20:00:13 [INFO /main]: AbstractTestContextBootstrapper(177): Using TestExecutionListeners: [org.springframework.test.context.web.ServletTestExecutionListener@5e585461, org.springframework.test.context.support.DirtiesContextBeforeModesTestExecutionListener@7ebfb4f6, org.springframework.boot.test.mock.mockito.MockitoTestExecutionListener@33ca22e1, org.springframework.boot.test.autoconfigure.SpringBootDependencyInjectionTestExecutionListener@3dd88a65, org.springframework.test.context.support.DirtiesContextTestExecutionListener@21bf3ae3, org.springframework.test.context.transaction.TransactionalTestExecutionListener@22a42226, org.springframework.test.context.jdbc.SqlScriptsTestExecutionListener@401bd1b9, org.springframework.security.test.context.support.WithSecurityContextTestExecutionListener@39e9f07d, org.springframework.security.test.context.support.ReactorContextTestExecutionListener@6159bd81, org.springframework.boot.test.mock.mockito.ResetMocksTestExecutionListener@62ef069e, org.springframework.boot.test.autoconfigure.restdocs.RestDocsTestExecutionListener@7ce79563, org.springframework.boot.test.autoconfigure.web.client.MockRestServiceServerResetTestExecutionListener@afbe89a, org.springframework.boot.test.autoconfigure.web.servlet.MockMvcPrintOnlyOnFailureTestExecutionListener@2662e9f1, org.springframework.boot.test.autoconfigure.web.servlet.WebDriverTestExecutionListener@3c23c055]
17/02/2019 20:00:13 [INFO /main]: StartupInfoLogger(50): Starting ServiceControllerTest on SOTLP with PID 3200 (started by sottiletta in C:\netcracker-project\startreker-netcracker\backend)
17/02/2019 20:00:13 [INFO /main]: SpringApplication(679): The following profiles are active: test
17/02/2019 20:00:14 [INFO /main]: TestDatabaseAutoConfiguration$EmbeddedDataSourceBeanFactoryPostProcessor(106): Replacing 'dataSource' DataSource bean with embedded version
17/02/2019 20:00:14 [INFO /main]: EmbeddedDatabaseFactory(189): Starting embedded database: url='jdbc:h2:mem:b46fc418-551f-4316-a579-b08a3d2c771f;DB_CLOSE_DELAY=-1;DB_CLOSE_ON_EXIT=false', username='sa'
17/02/2019 20:00:15 [INFO /main]: DefaultSecurityFilterChain(43): Creating filter chain: any request, [org.springframework.security.web.context.request.async.WebAsyncManagerIntegrationFilter@796d3ccf, org.springframework.security.web.context.SecurityContextPersistenceFilter@4ebea15b, org.springframework.security.web.header.HeaderWriterFilter@732b3ec8, org.springframework.security.web.authentication.logout.LogoutFilter@10489785, edu.netcracker.backend.security.jwt.JwtAuthFilter@3870f79c, org.springframework.security.web.savedrequest.RequestCacheAwareFilter@649a6e2e, org.springframework.security.web.servletapi.SecurityContextHolderAwareRequestFilter@4e6dd10b, org.springframework.security.web.authentication.AnonymousAuthenticationFilter@725bfe9a, org.springframework.security.web.session.SessionManagementFilter@1e981c67, org.springframework.security.web.access.ExceptionTranslationFilter@424d087a, org.springframework.security.web.access.intercept.FilterSecurityInterceptor@687e9b56]
17/02/2019 20:00:16 [INFO /main]: WelcomePageHandlerMapping(56): Adding welcome page: class path resource [resources/index.html]
17/02/2019 20:00:16 [INFO /main]: MockServletContext(444): Initializing Spring TestDispatcherServlet ''
17/02/2019 20:00:16 [INFO /main]: FrameworkServlet(524): Initializing Servlet ''
17/02/2019 20:00:16 [INFO /main]: FrameworkServlet(546): Completed initialization in 32 ms
17/02/2019 20:00:16 [INFO /main]: StartupInfoLogger(59): Started ServiceControllerTest in 3.188 seconds (JVM running for 24.348)
17/02/2019 20:00:17 [ERROR/main]: JwtProvider(62): Invalid JWT -> Message: {} java.lang.IllegalArgumentException: JWT String argument cannot be null or empty.
17/02/2019 20:00:17 [INFO /main]: AbstractTestContextBootstrapper(308): Neither @ContextConfiguration nor @ContextHierarchy found for test class [edu.netcracker.backend.controller.TripControllerTest], using SpringBootContextLoader
17/02/2019 20:00:17 [INFO /main]: AbstractContextLoader(264): Could not detect default resource locations for test class [edu.netcracker.backend.controller.TripControllerTest]: no resource found for suffixes {-context.xml, Context.groovy}.
17/02/2019 20:00:17 [INFO /main]: AnnotationConfigContextLoaderUtils(83): Could not detect default configuration classes for test class [edu.netcracker.backend.controller.TripControllerTest]: TripControllerTest does not declare any static, non-private, non-final, nested classes annotated with @Configuration.
17/02/2019 20:00:17 [INFO /main]: SpringBootTestContextBootstrapper(247): Found @SpringBootConfiguration edu.netcracker.backend.BackendApplication for test class edu.netcracker.backend.controller.TripControllerTest
17/02/2019 20:00:17 [INFO /main]: AbstractTestContextBootstrapper(248): Loaded default TestExecutionListener class names from location [META-INF/spring.factories]: [org.springframework.security.test.context.support.WithSecurityContextTestExecutionListener, org.springframework.security.test.context.support.ReactorContextTestExecutionListener, org.springframework.test.context.web.ServletTestExecutionListener, org.springframework.test.context.support.DirtiesContextBeforeModesTestExecutionListener, org.springframework.test.context.support.DependencyInjectionTestExecutionListener, org.springframework.test.context.support.DirtiesContextTestExecutionListener, org.springframework.test.context.transaction.TransactionalTestExecutionListener, org.springframework.test.context.jdbc.SqlScriptsTestExecutionListener, org.springframework.boot.test.mock.mockito.MockitoTestExecutionListener, org.springframework.boot.test.mock.mockito.ResetMocksTestExecutionListener, org.springframework.boot.test.autoconfigure.restdocs.RestDocsTestExecutionListener, org.springframework.boot.test.autoconfigure.web.client.MockRestServiceServerResetTestExecutionListener, org.springframework.boot.test.autoconfigure.web.servlet.MockMvcPrintOnlyOnFailureTestExecutionListener, org.springframework.boot.test.autoconfigure.web.servlet.WebDriverTestExecutionListener]
17/02/2019 20:00:17 [INFO /main]: AbstractTestContextBootstrapper(177): Using TestExecutionListeners: [org.springframework.test.context.web.ServletTestExecutionListener@42d1e56c, org.springframework.test.context.support.DirtiesContextBeforeModesTestExecutionListener@576f4b4b, org.springframework.boot.test.mock.mockito.MockitoTestExecutionListener@184e05eb, org.springframework.boot.test.autoconfigure.SpringBootDependencyInjectionTestExecutionListener@2cafd2b0, org.springframework.test.context.support.DirtiesContextTestExecutionListener@6118a8cc, org.springframework.test.context.transaction.TransactionalTestExecutionListener@4c8082b7, org.springframework.test.context.jdbc.SqlScriptsTestExecutionListener@2489a791, org.springframework.security.test.context.support.WithSecurityContextTestExecutionListener@76e1dbe2, org.springframework.security.test.context.support.ReactorContextTestExecutionListener@521b533a, org.springframework.boot.test.mock.mockito.ResetMocksTestExecutionListener@1a46f6f4, org.springframework.boot.test.autoconfigure.restdocs.RestDocsTestExecutionListener@731a7f02, org.springframework.boot.test.autoconfigure.web.client.MockRestServiceServerResetTestExecutionListener@bdc8448, org.springframework.boot.test.autoconfigure.web.servlet.MockMvcPrintOnlyOnFailureTestExecutionListener@3d6948a, org.springframework.boot.test.autoconfigure.web.servlet.WebDriverTestExecutionListener@2e8a3352]
17/02/2019 20:00:17 [ERROR/main]: JwtProvider(62): Invalid JWT -> Message: {} java.lang.IllegalArgumentException: JWT String argument cannot be null or empty.
17/02/2019 20:00:17 [INFO /main]: AbstractTestContextBootstrapper(308): Neither @ContextConfiguration nor @ContextHierarchy found for test class [edu.netcracker.backend.controller.TroubleTicketControllerTest], using SpringBootContextLoader
17/02/2019 20:00:17 [INFO /main]: AbstractContextLoader(264): Could not detect default resource locations for test class [edu.netcracker.backend.controller.TroubleTicketControllerTest]: no resource found for suffixes {-context.xml, Context.groovy}.
17/02/2019 20:00:17 [INFO /main]: AnnotationConfigContextLoaderUtils(83): Could not detect default configuration classes for test class [edu.netcracker.backend.controller.TroubleTicketControllerTest]: TroubleTicketControllerTest does not declare any static, non-private, non-final, nested classes annotated with @Configuration.
17/02/2019 20:00:17 [INFO /main]: SpringBootTestContextBootstrapper(247): Found @SpringBootConfiguration edu.netcracker.backend.BackendApplication for test class edu.netcracker.backend.controller.TroubleTicketControllerTest
17/02/2019 20:00:17 [INFO /main]: AbstractTestContextBootstrapper(248): Loaded default TestExecutionListener class names from location [META-INF/spring.factories]: [org.springframework.security.test.context.support.WithSecurityContextTestExecutionListener, org.springframework.security.test.context.support.ReactorContextTestExecutionListener, org.springframework.test.context.web.ServletTestExecutionListener, org.springframework.test.context.support.DirtiesContextBeforeModesTestExecutionListener, org.springframework.test.context.support.DependencyInjectionTestExecutionListener, org.springframework.test.context.support.DirtiesContextTestExecutionListener, org.springframework.test.context.transaction.TransactionalTestExecutionListener, org.springframework.test.context.jdbc.SqlScriptsTestExecutionListener, org.springframework.boot.test.mock.mockito.MockitoTestExecutionListener, org.springframework.boot.test.mock.mockito.ResetMocksTestExecutionListener, org.springframework.boot.test.autoconfigure.restdocs.RestDocsTestExecutionListener, org.springframework.boot.test.autoconfigure.web.client.MockRestServiceServerResetTestExecutionListener, org.springframework.boot.test.autoconfigure.web.servlet.MockMvcPrintOnlyOnFailureTestExecutionListener, org.springframework.boot.test.autoconfigure.web.servlet.WebDriverTestExecutionListener]
17/02/2019 20:00:17 [INFO /main]: AbstractTestContextBootstrapper(177): Using TestExecutionListeners: [org.springframework.test.context.web.ServletTestExecutionListener@ca43c14, org.springframework.test.context.support.DirtiesContextBeforeModesTestExecutionListener@34dc3556, org.springframework.boot.test.mock.mockito.MockitoTestExecutionListener@4a9da989, org.springframework.boot.test.autoconfigure.SpringBootDependencyInjectionTestExecutionListener@1e29e08d, org.springframework.test.context.support.DirtiesContextTestExecutionListener@33c03bc0, org.springframework.test.context.transaction.TransactionalTestExecutionListener@6663de6b, org.springframework.test.context.jdbc.SqlScriptsTestExecutionListener@4195e2cf, org.springframework.security.test.context.support.WithSecurityContextTestExecutionListener@10e94ff8, org.springframework.security.test.context.support.ReactorContextTestExecutionListener@2245681e, org.springframework.boot.test.mock.mockito.ResetMocksTestExecutionListener@5aad6abb, org.springframework.boot.test.autoconfigure.restdocs.RestDocsTestExecutionListener@34c068bb, org.springframework.boot.test.autoconfigure.web.client.MockRestServiceServerResetTestExecutionListener@6e0c7754, org.springframework.boot.test.autoconfigure.web.servlet.MockMvcPrintOnlyOnFailureTestExecutionListener@6780e713, org.springframework.boot.test.autoconfigure.web.servlet.WebDriverTestExecutionListener@56c9b1ea]
17/02/2019 20:00:17 [ERROR/main]: JwtProvider(62): Invalid JWT -> Message: {} java.lang.IllegalArgumentException: JWT String argument cannot be null or empty.
17/02/2019 20:00:17 [ERROR/main]: JwtProvider(62): Invalid JWT -> Message: {} java.lang.IllegalArgumentException: JWT String argument cannot be null or empty.
17/02/2019 20:00:17 [INFO /main]: AbstractTestContextBootstrapper(308): Neither @ContextConfiguration nor @ContextHierarchy found for test class [edu.netcracker.backend.dao.RoleDAOTest], using SpringBootContextLoader
17/02/2019 20:00:17 [INFO /main]: AbstractContextLoader(264): Could not detect default resource locations for test class [edu.netcracker.backend.dao.RoleDAOTest]: no resource found for suffixes {-context.xml, Context.groovy}.
17/02/2019 20:00:17 [INFO /main]: AnnotationConfigContextLoaderUtils(83): Could not detect default configuration classes for test class [edu.netcracker.backend.dao.RoleDAOTest]: RoleDAOTest does not declare any static, non-private, non-final, nested classes annotated with @Configuration.
17/02/2019 20:00:17 [INFO /main]: SpringBootTestContextBootstrapper(247): Found @SpringBootConfiguration edu.netcracker.backend.BackendApplication for test class edu.netcracker.backend.dao.RoleDAOTest
17/02/2019 20:00:17 [INFO /main]: AbstractTestContextBootstrapper(248): Loaded default TestExecutionListener class names from location [META-INF/spring.factories]: [org.springframework.security.test.context.support.WithSecurityContextTestExecutionListener, org.springframework.security.test.context.support.ReactorContextTestExecutionListener, org.springframework.test.context.web.ServletTestExecutionListener, org.springframework.test.context.support.DirtiesContextBeforeModesTestExecutionListener, org.springframework.test.context.support.DependencyInjectionTestExecutionListener, org.springframework.test.context.support.DirtiesContextTestExecutionListener, org.springframework.test.context.transaction.TransactionalTestExecutionListener, org.springframework.test.context.jdbc.SqlScriptsTestExecutionListener, org.springframework.boot.test.mock.mockito.MockitoTestExecutionListener, org.springframework.boot.test.mock.mockito.ResetMocksTestExecutionListener, org.springframework.boot.test.autoconfigure.restdocs.RestDocsTestExecutionListener, org.springframework.boot.test.autoconfigure.web.client.MockRestServiceServerResetTestExecutionListener, org.springframework.boot.test.autoconfigure.web.servlet.MockMvcPrintOnlyOnFailureTestExecutionListener, org.springframework.boot.test.autoconfigure.web.servlet.WebDriverTestExecutionListener]
17/02/2019 20:00:17 [INFO /main]: AbstractTestContextBootstrapper(177): Using TestExecutionListeners: [org.springframework.test.context.web.ServletTestExecutionListener@a5503e3, org.springframework.test.context.support.DirtiesContextBeforeModesTestExecutionListener@3f984f7b, org.springframework.boot.test.mock.mockito.MockitoTestExecutionListener@49dcc00, org.springframework.boot.test.autoconfigure.SpringBootDependencyInjectionTestExecutionListener@61d3ead0, org.springframework.test.context.support.DirtiesContextTestExecutionListener@433bb712, org.springframework.test.context.transaction.TransactionalTestExecutionListener@3ea5db99, org.springframework.test.context.jdbc.SqlScriptsTestExecutionListener@5432fd81, org.springframework.security.test.context.support.WithSecurityContextTestExecutionListener@2a4908bd, org.springframework.security.test.context.support.ReactorContextTestExecutionListener@34d4a9c1, org.springframework.boot.test.mock.mockito.ResetMocksTestExecutionListener@243dc5d1, org.springframework.boot.test.autoconfigure.restdocs.RestDocsTestExecutionListener@67a0fa22, org.springframework.boot.test.autoconfigure.web.client.MockRestServiceServerResetTestExecutionListener@5ce0a8b, org.springframework.boot.test.autoconfigure.web.servlet.MockMvcPrintOnlyOnFailureTestExecutionListener@14c52152, org.springframework.boot.test.autoconfigure.web.servlet.WebDriverTestExecutionListener@5e9c7d56]
17/02/2019 20:00:17 [INFO /main]: AbstractTestContextBootstrapper(308): Neither @ContextConfiguration nor @ContextHierarchy found for test class [edu.netcracker.backend.dao.UserDAOTest], using SpringBootContextLoader
17/02/2019 20:00:17 [INFO /main]: AbstractContextLoader(264): Could not detect default resource locations for test class [edu.netcracker.backend.dao.UserDAOTest]: no resource found for suffixes {-context.xml, Context.groovy}.
17/02/2019 20:00:17 [INFO /main]: AnnotationConfigContextLoaderUtils(83): Could not detect default configuration classes for test class [edu.netcracker.backend.dao.UserDAOTest]: UserDAOTest does not declare any static, non-private, non-final, nested classes annotated with @Configuration.
17/02/2019 20:00:17 [INFO /main]: SpringBootTestContextBootstrapper(247): Found @SpringBootConfiguration edu.netcracker.backend.BackendApplication for test class edu.netcracker.backend.dao.UserDAOTest
17/02/2019 20:00:17 [INFO /main]: AbstractTestContextBootstrapper(248): Loaded default TestExecutionListener class names from location [META-INF/spring.factories]: [org.springframework.security.test.context.support.WithSecurityContextTestExecutionListener, org.springframework.security.test.context.support.ReactorContextTestExecutionListener, org.springframework.test.context.web.ServletTestExecutionListener, org.springframework.test.context.support.DirtiesContextBeforeModesTestExecutionListener, org.springframework.test.context.support.DependencyInjectionTestExecutionListener, org.springframework.test.context.support.DirtiesContextTestExecutionListener, org.springframework.test.context.transaction.TransactionalTestExecutionListener, org.springframework.test.context.jdbc.SqlScriptsTestExecutionListener, org.springframework.boot.test.mock.mockito.MockitoTestExecutionListener, org.springframework.boot.test.mock.mockito.ResetMocksTestExecutionListener, org.springframework.boot.test.autoconfigure.restdocs.RestDocsTestExecutionListener, org.springframework.boot.test.autoconfigure.web.client.MockRestServiceServerResetTestExecutionListener, org.springframework.boot.test.autoconfigure.web.servlet.MockMvcPrintOnlyOnFailureTestExecutionListener, org.springframework.boot.test.autoconfigure.web.servlet.WebDriverTestExecutionListener]
17/02/2019 20:00:17 [INFO /main]: AbstractTestContextBootstrapper(177): Using TestExecutionListeners: [org.springframework.test.context.web.ServletTestExecutionListener@27b0573f, org.springframework.test.context.support.DirtiesContextBeforeModesTestExecutionListener@142b9d98, org.springframework.boot.test.mock.mockito.MockitoTestExecutionListener@4f64f069, org.springframework.boot.test.autoconfigure.SpringBootDependencyInjectionTestExecutionListener@7d10ce19, org.springframework.test.context.support.DirtiesContextTestExecutionListener@58bc772b, org.springframework.test.context.transaction.TransactionalTestExecutionListener@1033e6f9, org.springframework.test.context.jdbc.SqlScriptsTestExecutionListener@783cbb2e, org.springframework.security.test.context.support.WithSecurityContextTestExecutionListener@327c236, org.springframework.security.test.context.support.ReactorContextTestExecutionListener@3899f856, org.springframework.boot.test.mock.mockito.ResetMocksTestExecutionListener@3712d592, org.springframework.boot.test.autoconfigure.restdocs.RestDocsTestExecutionListener@2aeaed95, org.springframework.boot.test.autoconfigure.web.client.MockRestServiceServerResetTestExecutionListener@1761bc8c, org.springframework.boot.test.autoconfigure.web.servlet.MockMvcPrintOnlyOnFailureTestExecutionListener@60cdad7e, org.springframework.boot.test.autoconfigure.web.servlet.WebDriverTestExecutionListener@41524ab0]
